
*------------------------------------*
*                                    *
*   SYSTEMA V4 APPLICATION LOG FILE  *
*                                    *
*------------------------------------*



              **********

      solver Computation


Execution started on Wed Oct 31 16:25:16 2018



State  1 : Creation of user fortran code                                       Time :  Wed Oct 31 16:25:16 2018

"C:\Program Files\Systema-4.8.0\applications\Thermisol-4.8.0\PreproWIN.exe" "WS-1.dck" "WS-1.temp.out" "WS-1.temp.h5" "WS-1.temp.csv" "WS-1.temp.log" "-" 0

 - Loading input file



 - Translating Mortran into Fortran

No undeclared symbol has been found. The model is clean.




 Preprocessing : Generation of the binary interface for solving program :
 ------------------------------------------------------------------------

    Sizes: 
       - Number of Models : 1
       - Number of Thermal Nodes  : 10
       - Number of Thermal Edges  : 0
       - Number of GL     : 0
       - Number of GR     : 27
       - Number of GRWLB  : 0
       - Number of GF     : 0
       - Number of Electric Nodes      : 0
       - Number of Electric Components : 0
       - Number of Outgassing Nodes      : 0
       - Number of Outgassing ViewFactor : 0
    Model 'WS': 
       - Number of Events : 0
       - Number of Thermal    Nodes : 10
       - Number of Electric   Nodes : 0
       - Number of Outgassing Nodes : 0

       - List of unused symbols :
           -- SEQNAME (char array)
           -- SEQNB (real array)
           -- ECLFLG (real array)
 End of Pre-Processing

State  2 : Compilation of user code                                            Time :  Wed Oct 31 16:25:16 2018

g77 -fno-underscoring -fno-globals -w -c "zz_WS-1_for.f"
State  3 : Link with solver library                                            Time :  Wed Oct 31 16:25:16 2018

g77 -fno-underscoring -fno-globals -w -o "zz_WS-1_prg_WIN.exe" "zz_WS-1_for.o" "C:\Program Files\Systema-4.8.0\applications\Thermisol-4.8.0\..\Libsolver-4.8.0\SolverLibWIN.a"  -ladvapi32 -lnetapi32 -lwsock32 "C:\Program Files\Systema-4.8.0\applications\Thermisol-4.8.0\..\Libsolver-4.8.0\PowerDummyLibWIN.a"
State  4 : Execution of solution program                                       Time :  Wed Oct 31 16:25:17 2018

.\zz_WS-1_prg_WIN.exe
THERMISOL 4.8.0 - 64 bits
ASTRIUM SAS - 2006 - All rights reserved
Information contact : T. SORIANO
Telephone : +33 (0)5 62 19 91 76
Email : timothee.soriano@astrium.eads.net

About license :
Valid license found in license server
(host: license.isae.fr, port: 2002). Expires at 02/12/2020



------------------------------------------
------------ Solution program ------------
------------------------------------------



 Number of models : 1
 Number of thermal nodes : 10
 Number of thermal edges : 0
 Number of GLs : 0
 Number of GRs : 27  (including 0 with wavelength dependencies)
 Number of GFs : 0
 Number of electrical nodes : 0
 Number of electrical componants : 0
 Number of outgassing nodes : 0
 Number of outgassing VFs : 0

Computing...
Text data is output to file        WS-1.temp.out
Convergence data is output to file WS-1.temp.csv
Log is output to file              WS-1.temp.log
H5 data is output to file          WS-1.temp.h5



End of computation.



Execution completed on Wed Oct 31 16:25:20 2018




